<?xml version="1.0" encoding="UTF-8"?>
<!-- Generated by org.testng.reporters.JUnitReportReporter -->
<testsuite skipped="0" hostname="DESKTOP-F3NAEKG" name="test.LoginTest" tests="1" failures="0" timestamp="2021-10-08T17:11:15 CDT" time="4.746" errors="0">
  <testcase name="validUserShouldBeAbleToLogin" time="4.746" classname="test.LoginTest"/>
  <system-out/>
</testsuite> <!-- test.LoginTest -->
