<?xml version="1.0" encoding="UTF-8"?>
<!-- Generated by org.testng.reporters.JUnitReportReporter -->
<testsuite skipped="0" hostname="DESKTOP-F3NAEKG" name="test.AddContactTest" tests="1" failures="0" timestamp="2021-10-08T18:25:25 CDT" time="5.980" errors="0">
  <testcase name="validUserShouldBeAbleToAddCustomer" time="5.980" classname="test.AddContactTest"/>
  <system-out/>
</testsuite> <!-- test.AddContactTest -->
